<?xml version="1.0" encoding="UTF-8"?>
<!-- Generated by org.testng.reporters.JUnitReportReporter -->
<testsuite skipped="0" hostname="Olga" name="pack.AppTest" tests="1" failures="0" timestamp="08 дек 2018 14:52:27 GMT" time="0.001" errors="0">
  <testcase name="shouldAnswerWithTrue" time="0.001" classname="pack.AppTest"/>
</testsuite> <!-- pack.AppTest -->
