<?xml version="1.0" encoding="UTF-8"?>
<!-- Generated by org.testng.reporters.JUnitReportReporter -->
<testsuite skipped="0" hostname="Olga" name="adapter.AppTest" tests="1" failures="0" timestamp="08 дек 2018 16:34:33 GMT" time="0.197" errors="0">
  <testcase name="shouldAnswerWithTrue" time="0.197" classname="adapter.AppTest"/>
</testsuite> <!-- adapter.AppTest -->
