<?xml version="1.0" encoding="UTF-8"?>
<!-- Generated by org.testng.reporters.JUnitReportReporter -->
<testsuite skipped="0" hostname="Olga" name="page.CucumberJvmTest" tests="3" failures="0" timestamp="08 дек 2018 14:10:03 GMT" time="0.175" errors="0">
  <testcase name="feature" time="0.004" classname="page.CucumberJvmTest"/>
  <testcase name="feature" time="0.006" classname="page.CucumberJvmTest"/>
  <testcase name="feature" time="0.165" classname="page.CucumberJvmTest"/>
</testsuite> <!-- page.CucumberJvmTest -->
