<?xml version="1.0" encoding="UTF-8"?>
<!-- Generated by org.testng.reporters.JUnitReportReporter -->
<testsuite skipped="0" hostname="Olga" name="ngscenario.CucumberJvmTest" tests="3" failures="0" timestamp="08 дек 2018 16:33:52 GMT" time="8.783" errors="0">
  <testcase name="feature" time="0.005" classname="ngscenario.CucumberJvmTest"/>
  <testcase name="feature" time="8.770" classname="ngscenario.CucumberJvmTest"/>
  <testcase name="feature" time="0.008" classname="ngscenario.CucumberJvmTest"/>
</testsuite> <!-- ngscenario.CucumberJvmTest -->
